0it [00:00, ?it/s]
20it [00:00, 195.41it/s]
41it [00:00, 187.44it/s]
74it [00:00, 215.23it/s]
101it [00:00, 217.77it/s]
141it [00:00, 250.38it/s]
166it [00:00, 228.40it/s]
191it [00:00, 234.43it/s]
233it [00:00, 268.92it/s]
262it [00:01, 167.90it/s]
285it [00:01, 177.18it/s]
309it [00:01, 191.59it/s]
332it [00:01, 195.94it/s]
373it [00:01, 228.43it/s]
400it [00:01, 235.60it/s]
427it [00:01, 220.67it/s]
463it [00:01, 247.99it/s]
491it [00:02, 231.14it/s]
517it [00:02, 203.53it/s]
540it [00:02, 199.75it/s]
562it [00:02, 192.30it/s]
583it [00:02, 194.92it/s]
613it [00:02, 215.88it/s]
637it [00:02, 219.37it/s]
671it [00:02, 245.41it/s]
699it [00:03, 246.34it/s]
729it [00:03, 257.86it/s]
771it [00:03, 286.95it/s]
802it [00:03, 255.43it/s]
830it [00:03, 188.11it/s]
856it [00:03, 201.13it/s]
894it [00:03, 231.87it/s]
933it [00:03, 261.22it/s]
963it [00:04, 204.87it/s]
993it [00:04, 217.74it/s]
1019it [00:04, 160.88it/s]
1059it [00:04, 195.61it/s]
1086it [00:04, 179.90it/s]
1109it [00:04, 186.27it/s]
1132it [00:05, 189.55it/s]
1154it [00:05, 196.05it/s]
1176it [00:05, 160.69it/s]
1196it [00:05, 170.23it/s]
1215it [00:05, 156.37it/s]
1233it [00:05, 162.20it/s]
1258it [00:05, 179.51it/s]
1296it [00:05, 212.75it/s]
1325it [00:06, 230.22it/s]
1357it [00:06, 250.73it/s]
1385it [00:06, 257.60it/s]
1421it [00:06, 272.13it/s]
1450it [00:06, 265.32it/s]
1485it [00:06, 285.47it/s]
1525it [00:06, 303.97it/s]
1557it [00:06, 266.47it/s]
1600it [00:07, 255.26it/s]
1627it [00:07, 241.99it/s]
1673it [00:07, 215.11it/s]
1696it [00:07, 209.80it/s]
1734it [00:07, 229.48it/s]
1759it [00:07, 233.92it/s]
1786it [00:07, 243.14it/s]
1812it [00:08, 230.62it/s]
1849it [00:08, 259.41it/s]
1877it [00:08, 236.92it/s]
1903it [00:08, 223.63it/s]
1927it [00:08, 212.05it/s]
1950it [00:08, 117.10it/s]
1983it [00:09, 144.90it/s]
2005it [00:09, 118.63it/s]
2033it [00:09, 140.52it/s]
2053it [00:09, 126.81it/s]
2087it [00:09, 156.02it/s]
2110it [00:09, 155.64it/s]
2148it [00:09, 188.68it/s]
2174it [00:10, 201.49it/s]
2201it [00:10, 200.03it/s]
2225it [00:10, 162.50it/s]
2245it [00:10, 114.33it/s]
2262it [00:10, 125.63it/s]
2278it [00:11, 104.08it/s]
2303it [00:11, 119.45it/s]
2318it [00:11, 121.82it/s]
2343it [00:11, 142.74it/s]
2375it [00:11, 171.13it/s]
2411it [00:11, 202.82it/s]
2437it [00:11, 215.63it/s]
2479it [00:11, 251.72it/s]
2518it [00:11, 278.03it/s]
2551it [00:12, 224.82it/s]
2579it [00:12, 215.09it/s]
2604it [00:12, 171.86it/s]
2629it [00:12, 188.31it/s]
2666it [00:12, 217.48it/s]
2698it [00:12, 238.23it/s]
2726it [00:12, 194.34it/s]
2750it [00:13, 193.43it/s]
2786it [00:13, 224.02it/s]
2812it [00:13, 221.52it/s]
2849it [00:13, 250.90it/s]
2878it [00:13, 221.67it/s]
2907it [00:13, 235.24it/s]
2933it [00:14, 127.49it/s]
2953it [00:14, 118.91it/s]
2984it [00:14, 145.76it/s]
3006it [00:14, 135.18it/s]
3027it [00:14, 150.10it/s]
3046it [00:14, 154.10it/s]
3065it [00:14, 152.22it/s]
3118it [00:15, 191.72it/s]
3145it [00:15, 163.46it/s]
3169it [00:15, 177.24it/s]
3192it [00:15, 177.85it/s]
3213it [00:15, 157.20it/s]
3243it [00:15, 182.21it/s]
3273it [00:15, 190.17it/s]
3295it [00:16, 181.57it/s]
3315it [00:16, 163.77it/s]
3352it [00:16, 196.48it/s]
3385it [00:16, 223.55it/s]
3427it [00:16, 258.53it/s]
3458it [00:16, 215.24it/s]
3503it [00:16, 255.12it/s]
3535it [00:17, 220.85it/s]
3563it [00:17, 226.21it/s]
3607it [00:17, 264.66it/s]
3642it [00:17, 285.32it/s]
3675it [00:17, 242.52it/s]
3710it [00:17, 264.78it/s]
3740it [00:17, 264.47it/s]
3785it [00:18, 219.02it/s]
3820it [00:18, 246.61it/s]
3856it [00:18, 260.83it/s]
3885it [00:18, 220.63it/s]
3931it [00:18, 261.42it/s]
3963it [00:18, 250.31it/s]
3992it [00:18, 243.87it/s]
4019it [00:19, 180.40it/s]
4052it [00:19, 207.24it/s]
4078it [00:19, 220.18it/s]
4104it [00:19, 203.22it/s]
4129it [00:19, 213.43it/s]
4177it [00:19, 256.00it/s]
4208it [00:19, 234.61it/s]
4236it [00:20, 117.49it/s]
4287it [00:20, 152.32it/s]
4318it [00:20, 179.36it/s]
4348it [00:20, 133.90it/s]
4383it [00:20, 164.13it/s]
4412it [00:21, 188.68it/s]
4449it [00:21, 220.02it/s]
4491it [00:21, 254.38it/s]
4525it [00:21, 262.05it/s]
4557it [00:21, 251.38it/s]
4599it [00:21, 283.42it/s]
4632it [00:21, 265.94it/s]
4662it [00:21, 221.18it/s]
4699it [00:22, 249.51it/s]
4728it [00:22, 255.36it/s]
4757it [00:22, 260.28it/s]
4808it [00:22, 303.58it/s]
4843it [00:22, 313.79it/s]
4878it [00:22, 284.31it/s]
4909it [00:23, 142.82it/s]
4933it [00:23, 116.66it/s]
4965it [00:23, 126.78it/s]
4987it [00:23, 140.03it/s]
5017it [00:23, 166.35it/s]
5039it [00:23, 159.76it/s]
5071it [00:24, 185.58it/s]
5099it [00:24, 205.85it/s]
5129it [00:24, 226.38it/s]
5155it [00:24, 231.47it/s]
5186it [00:24, 247.56it/s]
5213it [00:24, 239.30it/s]
5264it [00:24, 283.37it/s]
5297it [00:24, 250.08it/s]
5326it [00:24, 232.34it/s]
5340it [00:25, 212.82it/s]

0it [00:00, ?it/s]
17it [00:00, 144.96it/s]
25it [00:00, 111.47it/s]
42it [00:00, 123.71it/s]
60it [00:00, 136.21it/s]
90it [00:00, 159.63it/s]
115it [00:00, 175.07it/s]
161it [00:00, 214.89it/s]
188it [00:00, 186.78it/s]
220it [00:01, 211.64it/s]
252it [00:01, 234.98it/s]
280it [00:01, 243.18it/s]
307it [00:01, 247.19it/s]
349it [00:01, 264.24it/s]
381it [00:01, 278.09it/s]
411it [00:01, 198.07it/s]
446it [00:01, 227.63it/s]
476it [00:02, 240.04it/s]
506it [00:02, 252.91it/s]
560it [00:02, 300.04it/s]
596it [00:02, 222.70it/s]
625it [00:02, 235.38it/s]
654it [00:02, 247.69it/s]
683it [00:02, 216.90it/s]
718it [00:03, 243.95it/s]
752it [00:03, 253.75it/s]
780it [00:03, 241.96it/s]
818it [00:03, 259.65it/s]
854it [00:03, 279.14it/s]
884it [00:03, 205.08it/s]
915it [00:03, 228.25it/s]
942it [00:04, 137.68it/s]
966it [00:04, 155.44it/s]
988it [00:04, 169.34it/s]
1017it [00:04, 193.44it/s]
1060it [00:04, 231.31it/s]
1090it [00:04, 202.71it/s]
1097it [00:04, 228.02it/s]

0it [00:00, ?it/s]
29it [00:00, 274.13it/s]
52it [00:00, 258.48it/s]
95it [00:00, 293.47it/s]
127it [00:00, 299.48it/s]
152it [00:01, 87.62it/s] 
174it [00:01, 104.67it/s]
206it [00:01, 130.29it/s]
229it [00:01, 140.20it/s]
270it [00:01, 174.24it/s]
301it [00:01, 198.41it/s]
340it [00:01, 225.35it/s]
370it [00:01, 226.15it/s]
413it [00:02, 259.83it/s]
444it [00:02, 245.73it/s]
480it [00:02, 269.26it/s]
524it [00:02, 302.69it/s]
561it [00:02, 316.86it/s]
596it [00:02, 239.55it/s]
631it [00:02, 263.36it/s]
668it [00:02, 270.03it/s]
698it [00:03, 247.60it/s]
726it [00:03, 235.24it/s]
755it [00:03, 248.81it/s]
800it [00:03, 287.18it/s]
832it [00:03, 160.46it/s]
865it [00:03, 185.87it/s]
896it [00:04, 211.23it/s]
924it [00:04, 161.43it/s]
966it [00:04, 197.58it/s]
995it [00:04, 198.15it/s]
1025it [00:04, 220.39it/s]
1052it [00:04, 189.03it/s]
1076it [00:05, 67.16it/s] 
1101it [00:05, 85.56it/s]
1142it [00:06, 111.64it/s]
1160it [00:06, 192.46it/s]

0it [00:00, ?it/s]
3640it [00:00, 36399.25it/s]
7415it [00:00, 36794.10it/s]
7597it [00:00, 36975.77it/s]

  0%|          | 0/668 [00:00<?, ?it/s]
../torch/csrc/utils/python_arg_parser.cpp:756: UserWarning: This overload of add_ is deprecated:
	add_(Number alpha, Tensor other)
Consider using one of the following signatures instead:
	add_(Tensor other, *, Number alpha)
ner_precision: 0.0000, ner_recall: 0.0000, ner_f1: 0.0000, rel_precision: 0.0000, rel_recall: 0.0000, rel_f1: 0.0000, real_ner_precision: 0.0000, real_ner_recall: 0.0000, real_ner_f1: 0.0000, loss: 617.8921 ||:   0%|          | 1/668 [00:03<39:45,  3.58s/it]
ner_precision: 0.0065, ner_recall: 0.5000, ner_f1: 0.0129, rel_precision: 0.0000, rel_recall: 0.0000, rel_f1: 0.0000, real_ner_precision: 0.0050, real_ner_recall: 0.4286, real_ner_f1: 0.0099, loss: 1848.6234 ||:   0%|          | 2/668 [00:07<40:49,  3.68s/it]
ner_precision: 0.0058, ner_recall: 0.4167, ner_f1: 0.0114, rel_precision: 0.0000, rel_recall: 0.0000, rel_f1: 0.0000, real_ner_precision: 0.0047, real_ner_recall: 0.3333, real_ner_f1: 0.0093, loss: 1618.8333 ||:   0%|          | 3/668 [00:09<36:19,  3.28s/it]
ner_precision: 0.0051, ner_recall: 0.3158, ner_f1: 0.0100, rel_precision: 0.0000, rel_recall: 0.0000, rel_f1: 0.0000, real_ner_precision: 0.0043, real_ner_recall: 0.2632, real_ner_f1: 0.0084, loss: 1781.5930 ||:   1%|          | 4/668 [00:13<36:41,  3.32s/it]
ner_precision: 0.0053, ner_recall: 0.3077, ner_f1: 0.0104, rel_precision: 0.0000, rel_recall: 0.0000, rel_f1: 0.0000, real_ner_precision: 0.0041, real_ner_recall: 0.2308, real_ner_f1: 0.0080, loss: 1791.4439 ||:   1%|          | 5/668 [00:16<35:10,  3.18s/it]
ner_precision: 0.0044, ner_recall: 0.3077, ner_f1: 0.0087, rel_precision: 0.0000, rel_recall: 0.0000, rel_f1: 0.0000, real_ner_precision: 0.0034, real_ner_recall: 0.2308, real_ner_f1: 0.0066, loss: 1732.4891 ||:   1%|          | 6/668 [00:18<32:23,  2.94s/it]
ner_precision: 0.0057, ner_recall: 0.3667, ner_f1: 0.0112, rel_precision: 0.0000, rel_recall: 0.0000, rel_f1: 0.0000, real_ner_precision: 0.0048, real_ner_recall: 0.3000, real_ner_f1: 0.0094, loss: 1545.3095 ||:   1%|1         | 7/668 [00:20<29:44,  2.70s/it]
ner_precision: 0.0055, ner_recall: 0.3871, ner_f1: 0.0109, rel_precision: 0.0000, rel_recall: 0.0000, rel_f1: 0.0000, real_ner_precision: 0.0047, real_ner_recall: 0.3030, real_ner_f1: 0.0093, loss: 1507.0451 ||:   1%|1         | 8/668 [00:23<29:13,  2.66s/it]
ner_precision: 0.0059, ner_recall: 0.4412, ner_f1: 0.0117, rel_precision: 0.0000, rel_recall: 0.0000, rel_f1: 0.0000, real_ner_precision: 0.0049, real_ner_recall: 0.3333, real_ner_f1: 0.0096, loss: 1536.6679 ||:   1%|1         | 9/668 [00:25<29:33,  2.69s/it]
ner_precision: 0.0057, ner_recall: 0.4571, ner_f1: 0.0112, rel_precision: 0.0000, rel_recall: 0.0000, rel_f1: 0.0000, real_ner_precision: 0.0047, real_ner_recall: 0.3514, real_ner_f1: 0.0093, loss: 1524.6496 ||:   1%|1         | 10/668 [00:28<28:39,  2.61s/it]
ner_precision: 0.0064, ner_recall: 0.4762, ner_f1: 0.0127, rel_precision: 0.0000, rel_recall: 0.0000, rel_f1: 0.0000, real_ner_precision: 0.0056, real_ner_recall: 0.3864, real_ner_f1: 0.0110, loss: 1533.2468 ||:   2%|1         | 11/668 [00:32<35:01,  3.20s/it]
ner_precision: 0.0076, ner_recall: 0.4909, ner_f1: 0.0150, rel_precision: 0.0000, rel_recall: 0.0000, rel_f1: 0.0000, real_ner_precision: 0.0058, real_ner_recall: 0.3571, real_ner_f1: 0.0114, loss: 1641.1772 ||:   2%|1         | 12/668 [00:36<35:46,  3.27s/it]
ner_precision: 0.0072, ner_recall: 0.4912, ner_f1: 0.0141, rel_precision: 0.0000, rel_recall: 0.0000, rel_f1: 0.0000, real_ner_precision: 0.0053, real_ner_recall: 0.3448, real_ner_f1: 0.0103, loss: 1669.2245 ||:   2%|1         | 13/668 [00:39<35:07,  3.22s/it]
ner_precision: 0.0077, ner_recall: 0.5079, ner_f1: 0.0151, rel_precision: 0.0002, rel_recall: 0.1000, rel_f1: 0.0005, real_ner_precision: 0.0052, real_ner_recall: 0.3333, real_ner_f1: 0.0102, loss: 1642.8781 ||:   2%|2         | 14/668 [00:42<33:30,  3.07s/it]
ner_precision: 0.0077, ner_recall: 0.5231, ner_f1: 0.0153, rel_precision: 0.0002, rel_recall: 0.1000, rel_f1: 0.0005, real_ner_precision: 0.0051, real_ner_recall: 0.3385, real_ner_f1: 0.0101, loss: 1602.8675 ||:   2%|2         | 15/668 [00:44<31:10,  2.86s/it]
ner_precision: 0.0088, ner_recall: 0.5658, ner_f1: 0.0173, rel_precision: 0.0002, rel_recall: 0.0833, rel_f1: 0.0004, real_ner_precision: 0.0057, real_ner_recall: 0.3600, real_ner_f1: 0.0112, loss: 1680.6533 ||:   2%|2         | 16/668 [00:51<44:07,  4.06s/it]
ner_precision: 0.0086, ner_recall: 0.5488, ner_f1: 0.0169, rel_precision: 0.0002, rel_recall: 0.0625, rel_f1: 0.0004, real_ner_precision: 0.0053, real_ner_recall: 0.3418, real_ner_f1: 0.0104, loss: 1693.9576 ||:   3%|2         | 17/668 [00:56<46:16,  4.27s/it]
ner_precision: 0.0090, ner_recall: 0.5667, ner_f1: 0.0177, rel_precision: 0.0002, rel_recall: 0.0625, rel_f1: 0.0004, real_ner_precision: 0.0057, real_ner_recall: 0.3483, real_ner_f1: 0.0111, loss: 1719.4864 ||:   3%|2         | 18/668 [00:59<43:40,  4.03s/it]
ner_precision: 0.0097, ner_recall: 0.5743, ner_f1: 0.0191, rel_precision: 0.0002, rel_recall: 0.0556, rel_f1: 0.0003, real_ner_precision: 0.0059, real_ner_recall: 0.3366, real_ner_f1: 0.0115, loss: 1707.9536 ||:   3%|2         | 19/668 [01:02<40:09,  3.71s/it]
ner_precision: 0.0092, ner_recall: 0.5686, ner_f1: 0.0182, rel_precision: 0.0002, rel_recall: 0.0556, rel_f1: 0.0003, real_ner_precision: 0.0056, real_ner_recall: 0.3333, real_ner_f1: 0.0110, loss: 1718.5451 ||:   3%|2         | 20/668 [01:06<40:50,  3.78s/it]
ner_precision: 0.0088, ner_recall: 0.5686, ner_f1: 0.0173, rel_precision: 0.0002, rel_recall: 0.0556, rel_f1: 0.0003, real_ner_precision: 0.0053, real_ner_recall: 0.3333, real_ner_f1: 0.0105, loss: 1744.7809 ||:   3%|3         | 21/668 [05:33<14:51:23, 82.66s/it]
ner_precision: 0.0086, ner_recall: 0.5607, ner_f1: 0.0170, rel_precision: 0.0001, rel_recall: 0.0476, rel_f1: 0.0003, real_ner_precision: 0.0052, real_ner_recall: 0.3271, real_ner_f1: 0.0103, loss: 1748.9814 ||:   3%|3         | 22/668 [05:38<10:38:44, 59.33s/it]
ner_precision: 0.0096, ner_recall: 0.5948, ner_f1: 0.0188, rel_precision: 0.0001, rel_recall: 0.0476, rel_f1: 0.0003, real_ner_precision: 0.0060, real_ner_recall: 0.3621, real_ner_f1: 0.0118, loss: 1744.9433 ||:   3%|3         | 23/668 [05:49<8:03:56, 45.02s/it] 
ner_precision: 0.0095, ner_recall: 0.5983, ner_f1: 0.0186, rel_precision: 0.0001, rel_recall: 0.0476, rel_f1: 0.0003, real_ner_precision: 0.0060, real_ner_recall: 0.3675, real_ner_f1: 0.0118, loss: 1703.2066 ||:   4%|3         | 24/668 [1:07:17<203:34:04, 1137.96s/it]
ner_precision: 0.0097, ner_recall: 0.5873, ner_f1: 0.0191, rel_precision: 0.0001, rel_recall: 0.0435, rel_f1: 0.0003, real_ner_precision: 0.0060, real_ner_recall: 0.3520, real_ner_f1: 0.0117, loss: 1679.2045 ||:   4%|3         | 25/668 [1:07:22<142:30:12, 797.84s/it] 
ner_precision: 0.0100, ner_recall: 0.5524, ner_f1: 0.0197, rel_precision: 0.0001, rel_recall: 0.0435, rel_f1: 0.0003, real_ner_precision: 0.0063, real_ner_recall: 0.3380, real_ner_f1: 0.0124, loss: 1659.2162 ||:   4%|3         | 26/668 [1:07:25<99:45:23, 559.38s/it] 
ner_precision: 0.0099, ner_recall: 0.5283, ner_f1: 0.0195, rel_precision: 0.0001, rel_recall: 0.0400, rel_f1: 0.0002, real_ner_precision: 0.0063, real_ner_recall: 0.3228, real_ner_f1: 0.0123, loss: 1890.7837 ||:   4%|4         | 27/668 [1:07:32<70:08:18, 393.91s/it]
ner_precision: 0.0099, ner_recall: 0.5309, ner_f1: 0.0195, rel_precision: 0.0001, rel_recall: 0.0400, rel_f1: 0.0002, real_ner_precision: 0.0062, real_ner_recall: 0.3230, real_ner_f1: 0.0122, loss: 1862.4491 ||:   4%|4         | 28/668 [1:07:35<49:10:40, 276.63s/it]
ner_precision: 0.0102, ner_recall: 0.5353, ner_f1: 0.0200, rel_precision: 0.0001, rel_recall: 0.0370, rel_f1: 0.0002, real_ner_precision: 0.0065, real_ner_recall: 0.3333, real_ner_f1: 0.0128, loss: 1841.7276 ||:   4%|4         | 29/668 [1:07:38<34:30:47, 194.44s/it]
ner_precision: 0.0105, ner_recall: 0.4975, ner_f1: 0.0206, rel_precision: 0.0001, rel_recall: 0.0303, rel_f1: 0.0001, real_ner_precision: 0.0069, real_ner_recall: 0.3216, real_ner_f1: 0.0135, loss: 2244.8757 ||:   4%|4         | 30/668 [1:07:51<24:49:25, 140.07s/it]
ner_precision: 0.0107, ner_recall: 0.5072, ner_f1: 0.0210, rel_precision: 0.0001, rel_recall: 0.0286, rel_f1: 0.0001, real_ner_precision: 0.0072, real_ner_recall: 0.3333, real_ner_f1: 0.0140, loss: 2240.7793 ||:   5%|4         | 31/668 [1:07:56<17:34:33, 99.33s/it] 
ner_precision: 0.0108, ner_recall: 0.5116, ner_f1: 0.0212, rel_precision: 0.0001, rel_recall: 0.0286, rel_f1: 0.0001, real_ner_precision: 0.0072, real_ner_recall: 0.3333, real_ner_f1: 0.0140, loss: 2216.8280 ||:   5%|4         | 32/668 [1:07:59<12:26:15, 70.40s/it]
ner_precision: 0.0107, ner_recall: 0.4978, ner_f1: 0.0209, rel_precision: 0.0001, rel_recall: 0.0286, rel_f1: 0.0001, real_ner_precision: 0.0071, real_ner_recall: 0.3242, real_ner_f1: 0.0139, loss: 2183.3139 ||:   5%|4         | 33/668 [1:08:01<8:50:26, 50.12s/it] 
ner_precision: 0.0106, ner_recall: 0.4934, ner_f1: 0.0207, rel_precision: 0.0001, rel_recall: 0.0286, rel_f1: 0.0001, real_ner_precision: 0.0071, real_ner_recall: 0.3214, real_ner_f1: 0.0138, loss: 2142.4251 ||:   5%|5         | 34/668 [1:08:04<6:18:49, 35.85s/it]
ner_precision: 0.0104, ner_recall: 0.4828, ner_f1: 0.0203, rel_precision: 0.0001, rel_recall: 0.0286, rel_f1: 0.0001, real_ner_precision: 0.0069, real_ner_recall: 0.3144, real_ner_f1: 0.0136, loss: 2113.4127 ||:   5%|5         | 35/668 [1:08:07<4:33:48, 25.95s/it]
ner_precision: 0.0104, ner_recall: 0.4750, ner_f1: 0.0203, rel_precision: 0.0001, rel_recall: 0.0286, rel_f1: 0.0001, real_ner_precision: 0.0070, real_ner_recall: 0.3122, real_ner_f1: 0.0137, loss: 2097.0019 ||:   5%|5         | 36/668 [1:08:10<3:20:44, 19.06s/it]
ner_precision: 0.0103, ner_recall: 0.4793, ner_f1: 0.0201, rel_precision: 0.0001, rel_recall: 0.0286, rel_f1: 0.0001, real_ner_precision: 0.0069, real_ner_recall: 0.3138, real_ner_f1: 0.0135, loss: 2085.2467 ||:   6%|5         | 37/668 [1:08:13<2:30:09, 14.28s/it]
ner_precision: 0.0101, ner_recall: 0.4735, ner_f1: 0.0198, rel_precision: 0.0001, rel_recall: 0.0278, rel_f1: 0.0001, real_ner_precision: 0.0068, real_ner_recall: 0.3099, real_ner_f1: 0.0133, loss: 2059.9787 ||:   6%|5         | 38/668 [1:08:16<1:54:49, 10.94s/it]
ner_precision: 0.0100, ner_recall: 0.4680, ner_f1: 0.0196, rel_precision: 0.0001, rel_recall: 0.0278, rel_f1: 0.0001, real_ner_precision: 0.0067, real_ner_recall: 0.3012, real_ner_f1: 0.0131, loss: 2029.2153 ||:   6%|5         | 39/668 [1:08:19<1:29:12,  8.51s/it]
ner_precision: 0.0100, ner_recall: 0.4630, ner_f1: 0.0196, rel_precision: 0.0001, rel_recall: 0.0278, rel_f1: 0.0001, real_ner_precision: 0.0067, real_ner_recall: 0.3008, real_ner_f1: 0.0132, loss: 2010.2847 ||:   6%|5         | 40/668 [1:08:22<1:12:10,  6.90s/it]
ner_precision: 0.0101, ner_recall: 0.4639, ner_f1: 0.0198, rel_precision: 0.0001, rel_recall: 0.0278, rel_f1: 0.0001, real_ner_precision: 0.0069, real_ner_recall: 0.3053, real_ner_f1: 0.0135, loss: 1989.7107 ||:   6%|6         | 41/668 [1:08:25<59:20,  5.68s/it]  
ner_precision: 0.0103, ner_recall: 0.4632, ner_f1: 0.0201, rel_precision: 0.0001, rel_recall: 0.0278, rel_f1: 0.0001, real_ner_precision: 0.0069, real_ner_recall: 0.3026, real_ner_f1: 0.0136, loss: 1967.6867 ||:   6%|6         | 42/668 [1:08:27<49:45,  4.77s/it]
ner_precision: 0.0103, ner_recall: 0.4591, ner_f1: 0.0202, rel_precision: 0.0001, rel_recall: 0.0200, rel_f1: 0.0001, real_ner_precision: 0.0069, real_ner_recall: 0.3018, real_ner_f1: 0.0135, loss: 1952.0967 ||:   6%|6         | 43/668 [1:08:30<43:48,  4.21s/it]
ner_precision: 0.0103, ner_recall: 0.4545, ner_f1: 0.0201, rel_precision: 0.0001, rel_recall: 0.0192, rel_f1: 0.0001, real_ner_precision: 0.0069, real_ner_recall: 0.3011, real_ner_f1: 0.0135, loss: 1938.8407 ||:   7%|6         | 44/668 [1:08:34<41:22,  3.98s/it]
ner_precision: 0.0102, ner_recall: 0.4502, ner_f1: 0.0199, rel_precision: 0.0001, rel_recall: 0.0192, rel_f1: 0.0001, real_ner_precision: 0.0069, real_ner_recall: 0.2993, real_ner_f1: 0.0134, loss: 1913.9705 ||:   7%|6         | 45/668 [1:08:37<38:10,  3.68s/it]
ner_precision: 0.0103, ner_recall: 0.4485, ner_f1: 0.0202, rel_precision: 0.0001, rel_recall: 0.0192, rel_f1: 0.0001, real_ner_precision: 0.0071, real_ner_recall: 0.3027, real_ner_f1: 0.0138, loss: 1887.5933 ||:   7%|6         | 46/668 [1:08:39<34:22,  3.32s/it]
ner_precision: 0.0103, ner_recall: 0.4430, ner_f1: 0.0201, rel_precision: 0.0001, rel_recall: 0.0192, rel_f1: 0.0001, real_ner_precision: 0.0071, real_ner_recall: 0.2990, real_ner_f1: 0.0138, loss: 1864.1173 ||:   7%|7         | 47/668 [1:08:42<31:37,  3.05s/it]
ner_precision: 0.0104, ner_recall: 0.4290, ner_f1: 0.0203, rel_precision: 0.0001, rel_recall: 0.0182, rel_f1: 0.0001, real_ner_precision: 0.0071, real_ner_recall: 0.2902, real_ner_f1: 0.0139, loss: 1859.9904 ||:   7%|7         | 48/668 [1:08:45<33:08,  3.21s/it]
ner_precision: 0.0103, ner_recall: 0.4196, ner_f1: 0.0202, rel_precision: 0.0001, rel_recall: 0.0175, rel_f1: 0.0001, real_ner_precision: 0.0070, real_ner_recall: 0.2805, real_ner_f1: 0.0137, loss: 1877.5630 ||:   7%|7         | 49/668 [1:08:50<38:58,  3.78s/it]
ner_precision: 0.0104, ner_recall: 0.4114, ner_f1: 0.0204, rel_precision: 0.0001, rel_recall: 0.0169, rel_f1: 0.0001, real_ner_precision: 0.0071, real_ner_recall: 0.2757, real_ner_f1: 0.0138, loss: 1856.5114 ||:   7%|7         | 50/668 [1:08:53<35:24,  3.44s/it]
ner_precision: 0.0104, ner_recall: 0.4119, ner_f1: 0.0203, rel_precision: 0.0001, rel_recall: 0.0169, rel_f1: 0.0001, real_ner_precision: 0.0071, real_ner_recall: 0.2770, real_ner_f1: 0.0138, loss: 1833.2657 ||:   8%|7         | 51/668 [1:08:56<33:13,  3.23s/it]
ner_precision: 0.0104, ner_recall: 0.4124, ner_f1: 0.0203, rel_precision: 0.0001, rel_recall: 0.0169, rel_f1: 0.0001, real_ner_precision: 0.0071, real_ner_recall: 0.2783, real_ner_f1: 0.0139, loss: 1808.2627 ||:   8%|7         | 52/668 [1:08:59<32:05,  3.13s/it]
ner_precision: 0.0104, ner_recall: 0.4141, ner_f1: 0.0203, rel_precision: 0.0001, rel_recall: 0.0169, rel_f1: 0.0001, real_ner_precision: 0.0071, real_ner_recall: 0.2803, real_ner_f1: 0.0139, loss: 1788.9054 ||:   8%|7         | 53/668 [1:09:01<31:20,  3.06s/it]
ner_precision: 0.0104, ner_recall: 0.4162, ner_f1: 0.0204, rel_precision: 0.0001, rel_recall: 0.0169, rel_f1: 0.0001, real_ner_precision: 0.0072, real_ner_recall: 0.2837, real_ner_f1: 0.0141, loss: 1774.2697 ||:   8%|8         | 54/668 [1:09:05<31:35,  3.09s/it]
ner_precision: 0.0104, ner_recall: 0.4144, ner_f1: 0.0202, rel_precision: 0.0001, rel_recall: 0.0169, rel_f1: 0.0001, real_ner_precision: 0.0072, real_ner_recall: 0.2833, real_ner_f1: 0.0140, loss: 1764.0739 ||:   8%|8         | 55/668 [1:09:08<31:21,  3.07s/it]
ner_precision: 0.0103, ner_recall: 0.4098, ner_f1: 0.0201, rel_precision: 0.0001, rel_recall: 0.0169, rel_f1: 0.0001, real_ner_precision: 0.0071, real_ner_recall: 0.2793, real_ner_f1: 0.0139, loss: 1742.2372 ||:   8%|8         | 56/668 [1:09:10<30:19,  2.97s/it]
ner_precision: 0.0102, ner_recall: 0.4059, ner_f1: 0.0199, rel_precision: 0.0001, rel_recall: 0.0169, rel_f1: 0.0001, real_ner_precision: 0.0071, real_ner_recall: 0.2775, real_ner_f1: 0.0139, loss: 1741.8325 ||:   9%|8         | 57/668 [1:09:14<31:25,  3.09s/it]
ner_precision: 0.0101, ner_recall: 0.4059, ner_f1: 0.0197, rel_precision: 0.0001, rel_recall: 0.0169, rel_f1: 0.0001, real_ner_precision: 0.0070, real_ner_recall: 0.2775, real_ner_f1: 0.0137, loss: 1747.3861 ||:   9%|8         | 58/668 [1:09:17<32:36,  3.21s/it]
ner_precision: 0.0101, ner_recall: 0.4064, ner_f1: 0.0197, rel_precision: 0.0001, rel_recall: 0.0169, rel_f1: 0.0001, real_ner_precision: 0.0070, real_ner_recall: 0.2760, real_ner_f1: 0.0136, loss: 1732.0706 ||:   9%|8         | 59/668 [1:09:20<31:40,  3.12s/it]
ner_precision: 0.0100, ner_recall: 0.4048, ner_f1: 0.0196, rel_precision: 0.0000, rel_recall: 0.0169, rel_f1: 0.0001, real_ner_precision: 0.0070, real_ner_recall: 0.2757, real_ner_f1: 0.0136, loss: 1750.8649 ||:   9%|8         | 60/668 [1:09:26<39:16,  3.88s/it]
ner_precision: 0.0100, ner_recall: 0.4042, ner_f1: 0.0196, rel_precision: 0.0000, rel_recall: 0.0169, rel_f1: 0.0001, real_ner_precision: 0.0070, real_ner_recall: 0.2754, real_ner_f1: 0.0136, loss: 1732.9268 ||:   9%|9         | 61/668 [1:09:30<38:40,  3.82s/it]
ner_precision: 0.0100, ner_recall: 0.4026, ner_f1: 0.0195, rel_precision: 0.0000, rel_recall: 0.0169, rel_f1: 0.0001, real_ner_precision: 0.0070, real_ner_recall: 0.2744, real_ner_f1: 0.0136, loss: 1729.5757 ||:   9%|9         | 62/668 [1:09:34<41:42,  4.13s/it]
ner_precision: 0.0100, ner_recall: 0.3944, ner_f1: 0.0194, rel_precision: 0.0000, rel_recall: 0.0159, rel_f1: 0.0001, real_ner_precision: 0.0070, real_ner_recall: 0.2701, real_ner_f1: 0.0136, loss: 1711.9796 ||:   9%|9         | 63/668 [1:09:38<40:58,  4.06s/it]
ner_precision: 0.0099, ner_recall: 0.3949, ner_f1: 0.0194, rel_precision: 0.0000, rel_recall: 0.0159, rel_f1: 0.0001, real_ner_precision: 0.0070, real_ner_recall: 0.2713, real_ner_f1: 0.0136, loss: 1708.1772 ||:  10%|9         | 64/668 [1:09:43<43:58,  4.37s/it]
ner_precision: 0.0099, ner_recall: 0.3871, ner_f1: 0.0193, rel_precision: 0.0000, rel_recall: 0.0154, rel_f1: 0.0001, real_ner_precision: 0.0069, real_ner_recall: 0.2665, real_ner_f1: 0.0135, loss: 1686.9333 ||:  10%|9         | 65/668 [1:09:47<40:59,  4.08s/it]
ner_precision: 0.0099, ner_recall: 0.3871, ner_f1: 0.0192, rel_precision: 0.0000, rel_recall: 0.0154, rel_f1: 0.0001, real_ner_precision: 0.0069, real_ner_recall: 0.2665, real_ner_f1: 0.0135, loss: 1669.7219 ||:  10%|9         | 66/668 [1:09:50<37:11,  3.71s/it]
ner_precision: 0.0098, ner_recall: 0.3852, ner_f1: 0.0192, rel_precision: 0.0000, rel_recall: 0.0154, rel_f1: 0.0001, real_ner_precision: 0.0069, real_ner_recall: 0.2652, real_ner_f1: 0.0134, loss: 1654.2746 ||:  10%|#         | 67/668 [1:09:53<35:42,  3.57s/it]
ner_precision: 0.0098, ner_recall: 0.3777, ner_f1: 0.0191, rel_precision: 0.0000, rel_recall: 0.0147, rel_f1: 0.0001, real_ner_precision: 0.0069, real_ner_recall: 0.2612, real_ner_f1: 0.0134, loss: 1642.5490 ||:  10%|#         | 68/668 [1:09:56<35:19,  3.53s/it]
ner_precision: 0.0100, ner_recall: 0.3747, ner_f1: 0.0195, rel_precision: 0.0000, rel_recall: 0.0147, rel_f1: 0.0001, real_ner_precision: 0.0071, real_ner_recall: 0.2620, real_ner_f1: 0.0138, loss: 1627.6837 ||:  10%|#         | 69/668 [1:10:00<34:52,  3.49s/it]
ner_precision: 0.0100, ner_recall: 0.3659, ner_f1: 0.0195, rel_precision: 0.0000, rel_recall: 0.0147, rel_f1: 0.0001, real_ner_precision: 0.0071, real_ner_recall: 0.2558, real_ner_f1: 0.0139, loss: 1619.5020 ||:  10%|#         | 70/668 [1:10:05<39:07,  3.93s/it]
ner_precision: 0.0102, ner_recall: 0.3628, ner_f1: 0.0197, rel_precision: 0.0000, rel_recall: 0.0132, rel_f1: 0.0001, real_ner_precision: 0.0071, real_ner_recall: 0.2546, real_ner_f1: 0.0139, loss: 1607.4400 ||:  11%|#         | 71/668 [1:10:09<40:19,  4.05s/it]
ner_precision: 0.0101, ner_recall: 0.3612, ner_f1: 0.0197, rel_precision: 0.0000, rel_recall: 0.0132, rel_f1: 0.0001, real_ner_precision: 0.0071, real_ner_recall: 0.2534, real_ner_f1: 0.0138, loss: 1599.2510 ||:  11%|#         | 72/668 [1:10:13<39:38,  3.99s/it]
ner_precision: 0.0101, ner_recall: 0.3518, ner_f1: 0.0197, rel_precision: 0.0000, rel_recall: 0.0127, rel_f1: 0.0001, real_ner_precision: 0.0072, real_ner_recall: 0.2478, real_ner_f1: 0.0139, loss: 1586.3333 ||:  11%|#         | 73/668 [1:10:16<37:24,  3.77s/it]
ner_precision: 0.0102, ner_recall: 0.3532, ner_f1: 0.0198, rel_precision: 0.0000, rel_recall: 0.0127, rel_f1: 0.0001, real_ner_precision: 0.0072, real_ner_recall: 0.2494, real_ner_f1: 0.0140, loss: 1569.1925 ||:  11%|#1        | 74/668 [1:10:20<37:16,  3.76s/it]
ner_precision: 0.0102, ner_recall: 0.3494, ner_f1: 0.0198, rel_precision: 0.0000, rel_recall: 0.0123, rel_f1: 0.0001, real_ner_precision: 0.0072, real_ner_recall: 0.2478, real_ner_f1: 0.0141, loss: 1558.0905 ||:  11%|#1        | 75/668 [1:10:25<40:15,  4.07s/it]
ner_precision: 0.0102, ner_recall: 0.3457, ner_f1: 0.0199, rel_precision: 0.0000, rel_recall: 0.0120, rel_f1: 0.0001, real_ner_precision: 0.0073, real_ner_recall: 0.2463, real_ner_f1: 0.0141, loss: 1543.0099 ||:  11%|#1        | 76/668 [1:10:28<38:58,  3.95s/it]
ner_precision: 0.0102, ner_recall: 0.3436, ner_f1: 0.0198, rel_precision: 0.0000, rel_recall: 0.0120, rel_f1: 0.0001, real_ner_precision: 0.0073, real_ner_recall: 0.2447, real_ner_f1: 0.0141, loss: 1527.5619 ||:  12%|#1        | 77/668 [1:10:34<42:56,  4.36s/it]
ner_precision: 0.0102, ner_recall: 0.3415, ner_f1: 0.0198, rel_precision: 0.0000, rel_recall: 0.0120, rel_f1: 0.0001, real_ner_precision: 0.0073, real_ner_recall: 0.2431, real_ner_f1: 0.0141, loss: 1513.5442 ||:  12%|#1        | 78/668 [1:10:38<43:43,  4.45s/it]
ner_precision: 0.0102, ner_recall: 0.3340, ner_f1: 0.0199, rel_precision: 0.0000, rel_recall: 0.0120, rel_f1: 0.0001, real_ner_precision: 0.0073, real_ner_recall: 0.2377, real_ner_f1: 0.0142, loss: 1502.3334 ||:  12%|#1        | 79/668 [1:10:44<48:17,  4.92s/it]
ner_precision: 0.0102, ner_recall: 0.3327, ner_f1: 0.0198, rel_precision: 0.0000, rel_recall: 0.0120, rel_f1: 0.0001, real_ner_precision: 0.0073, real_ner_recall: 0.2367, real_ner_f1: 0.0142, loss: 1488.0767 ||:  12%|#1        | 80/668 [1:10:48<45:34,  4.65s/it]
ner_precision: 0.0102, ner_recall: 0.3314, ner_f1: 0.0198, rel_precision: 0.0000, rel_recall: 0.0120, rel_f1: 0.0001, real_ner_precision: 0.0073, real_ner_recall: 0.2353, real_ner_f1: 0.0141, loss: 1476.5520 ||:  12%|#2        | 81/668 [1:10:51<40:38,  4.15s/it]
ner_precision: 0.0102, ner_recall: 0.3275, ner_f1: 0.0198, rel_precision: 0.0000, rel_recall: 0.0120, rel_f1: 0.0001, real_ner_precision: 0.0073, real_ner_recall: 0.2325, real_ner_f1: 0.0141, loss: 1463.7660 ||:  12%|#2        | 82/668 [1:10:54<36:44,  3.76s/it]
ner_precision: 0.0102, ner_recall: 0.3207, ner_f1: 0.0198, rel_precision: 0.0000, rel_recall: 0.0112, rel_f1: 0.0001, real_ner_precision: 0.0073, real_ner_recall: 0.2288, real_ner_f1: 0.0141, loss: 1450.3083 ||:  12%|#2        | 83/668 [1:10:57<34:30,  3.54s/it]
ner_precision: 0.0102, ner_recall: 0.3141, ner_f1: 0.0197, rel_precision: 0.0000, rel_recall: 0.0112, rel_f1: 0.0001, real_ner_precision: 0.0073, real_ner_recall: 0.2239, real_ner_f1: 0.0141, loss: 1441.1428 ||:  13%|#2        | 84/668 [1:11:01<34:02,  3.50s/it]
ner_precision: 0.0102, ner_recall: 0.3078, ner_f1: 0.0197, rel_precision: 0.0000, rel_recall: 0.0111, rel_f1: 0.0001, real_ner_precision: 0.0073, real_ner_recall: 0.2193, real_ner_f1: 0.0140, loss: 1435.2849 ||:  13%|#2        | 85/668 [1:11:06<40:13,  4.14s/it]
ner_precision: 0.0102, ner_recall: 0.3067, ner_f1: 0.0197, rel_precision: 0.0000, rel_recall: 0.0111, rel_f1: 0.0001, real_ner_precision: 0.0073, real_ner_recall: 0.2185, real_ner_f1: 0.0140, loss: 1422.0821 ||:  13%|#2        | 86/668 [1:11:10<38:06,  3.93s/it]
ner_precision: 0.0102, ner_recall: 0.3018, ner_f1: 0.0197, rel_precision: 0.0000, rel_recall: 0.0111, rel_f1: 0.0001, real_ner_precision: 0.0072, real_ner_recall: 0.2148, real_ner_f1: 0.0140, loss: 1411.4574 ||:  13%|#3        | 87/668 [1:11:14<39:36,  4.09s/it]
ner_precision: 0.0102, ner_recall: 0.3002, ner_f1: 0.0196, rel_precision: 0.0000, rel_recall: 0.0111, rel_f1: 0.0001, real_ner_precision: 0.0072, real_ner_recall: 0.2136, real_ner_f1: 0.0140, loss: 1396.7425 ||:  13%|#3        | 88/668 [1:11:16<34:26,  3.56s/it]
ner_precision: 0.0102, ner_recall: 0.2949, ner_f1: 0.0196, rel_precision: 0.0000, rel_recall: 0.0111, rel_f1: 0.0001, real_ner_precision: 0.0072, real_ner_recall: 0.2098, real_ner_f1: 0.0140, loss: 1383.5619 ||:  13%|#3        | 89/668 [1:11:19<31:40,  3.28s/it]
ner_precision: 0.0102, ner_recall: 0.2929, ner_f1: 0.0196, rel_precision: 0.0000, rel_recall: 0.0111, rel_f1: 0.0001, real_ner_precision: 0.0072, real_ner_recall: 0.2083, real_ner_f1: 0.0140, loss: 1370.9795 ||:  13%|#3        | 90/668 [1:11:22<30:00,  3.11s/it]
ner_precision: 0.0101, ner_recall: 0.2826, ner_f1: 0.0196, rel_precision: 0.0000, rel_recall: 0.0109, rel_f1: 0.0001, real_ner_precision: 0.0072, real_ner_recall: 0.2007, real_ner_f1: 0.0140, loss: 1358.4666 ||:  14%|#3        | 91/668 [1:11:25<29:43,  3.09s/it]
ner_precision: 0.0101, ner_recall: 0.2798, ner_f1: 0.0196, rel_precision: 0.0000, rel_recall: 0.0109, rel_f1: 0.0001, real_ner_precision: 0.0072, real_ner_recall: 0.1986, real_ner_f1: 0.0140, loss: 1346.1748 ||:  14%|#3        | 92/668 [1:11:28<29:19,  3.06s/it]
ner_precision: 0.0101, ner_recall: 0.2784, ner_f1: 0.0196, rel_precision: 0.0000, rel_recall: 0.0109, rel_f1: 0.0001, real_ner_precision: 0.0072, real_ner_recall: 0.1976, real_ner_f1: 0.0140, loss: 1333.0386 ||:  14%|#3        | 93/668 [1:11:30<28:08,  2.94s/it]
ner_precision: 0.0101, ner_recall: 0.2784, ner_f1: 0.0196, rel_precision: 0.0000, rel_recall: 0.0109, rel_f1: 0.0001, real_ner_precision: 0.0072, real_ner_recall: 0.1976, real_ner_f1: 0.0140, loss: 1320.3942 ||:  14%|#4        | 94/668 [1:11:34<29:32,  3.09s/it]
ner_precision: 0.0101, ner_recall: 0.2721, ner_f1: 0.0196, rel_precision: 0.0000, rel_recall: 0.0104, rel_f1: 0.0001, real_ner_precision: 0.0072, real_ner_recall: 0.1933, real_ner_f1: 0.0139, loss: 1309.3335 ||:  14%|#4        | 95/668 [1:11:38<33:12,  3.48s/it]
ner_precision: 0.0101, ner_recall: 0.2678, ner_f1: 0.0195, rel_precision: 0.0000, rel_recall: 0.0101, rel_f1: 0.0001, real_ner_precision: 0.0072, real_ner_recall: 0.1905, real_ner_f1: 0.0139, loss: 1297.6796 ||:  14%|#4        | 96/668 [1:11:42<32:42,  3.43s/it]
ner_precision: 0.0101, ner_recall: 0.2653, ner_f1: 0.0195, rel_precision: 0.0000, rel_recall: 0.0101, rel_f1: 0.0001, real_ner_precision: 0.0072, real_ner_recall: 0.1886, real_ner_f1: 0.0139, loss: 1285.2193 ||:  15%|#4        | 97/668 [1:11:45<32:07,  3.38s/it]
ner_precision: 0.0101, ner_recall: 0.2649, ner_f1: 0.0195, rel_precision: 0.0000, rel_recall: 0.0101, rel_f1: 0.0001, real_ner_precision: 0.0072, real_ner_recall: 0.1883, real_ner_f1: 0.0139, loss: 1272.6873 ||:  15%|#4        | 98/668 [1:11:48<30:16,  3.19s/it]
ner_precision: 0.0101, ner_recall: 0.2632, ner_f1: 0.0195, rel_precision: 0.0000, rel_recall: 0.0101, rel_f1: 0.0001, real_ner_precision: 0.0072, real_ner_recall: 0.1871, real_ner_f1: 0.0139, loss: 1260.4549 ||:  15%|#4        | 99/668 [1:11:50<28:33,  3.01s/it]
ner_precision: 0.0101, ner_recall: 0.2588, ner_f1: 0.0195, rel_precision: 0.0000, rel_recall: 0.0096, rel_f1: 0.0001, real_ner_precision: 0.0072, real_ner_recall: 0.1844, real_ner_f1: 0.0139, loss: 1248.9511 ||:  15%|#4        | 100/668 [1:11:54<30:55,  3.27s/it]
ner_precision: 0.0101, ner_recall: 0.2557, ner_f1: 0.0195, rel_precision: 0.0000, rel_recall: 0.0096, rel_f1: 0.0001, real_ner_precision: 0.0072, real_ner_recall: 0.1821, real_ner_f1: 0.0139, loss: 1237.2275 ||:  15%|#5        | 101/668 [1:11:57<29:40,  3.14s/it]
ner_precision: 0.0101, ner_recall: 0.2530, ner_f1: 0.0195, rel_precision: 0.0000, rel_recall: 0.0096, rel_f1: 0.0001, real_ner_precision: 0.0072, real_ner_recall: 0.1798, real_ner_f1: 0.0139, loss: 1225.8494 ||:  15%|#5        | 102/668 [1:12:00<30:24,  3.22s/it]
ner_precision: 0.0101, ner_recall: 0.2519, ner_f1: 0.0195, rel_precision: 0.0000, rel_recall: 0.0096, rel_f1: 0.0001, real_ner_precision: 0.0072, real_ner_recall: 0.1790, real_ner_f1: 0.0139, loss: 1214.4503 ||:  15%|#5        | 103/668 [1:12:03<29:29,  3.13s/it]
ner_precision: 0.0101, ner_recall: 0.2478, ner_f1: 0.0195, rel_precision: 0.0000, rel_recall: 0.0094, rel_f1: 0.0001, real_ner_precision: 0.0072, real_ner_recall: 0.1763, real_ner_f1: 0.0139, loss: 1203.5265 ||:  16%|#5        | 104/668 [1:12:06<28:57,  3.08s/it]
ner_precision: 0.0101, ner_recall: 0.2428, ner_f1: 0.0194, rel_precision: 0.0000, rel_recall: 0.0094, rel_f1: 0.0001, real_ner_precision: 0.0072, real_ner_recall: 0.1726, real_ner_f1: 0.0139, loss: 1193.3489 ||:  16%|#5        | 105/668 [1:12:09<29:15,  3.12s/it]
ner_precision: 0.0101, ner_recall: 0.2411, ner_f1: 0.0194, rel_precision: 0.0000, rel_recall: 0.0092, rel_f1: 0.0001, real_ner_precision: 0.0072, real_ner_recall: 0.1716, real_ner_f1: 0.0139, loss: 1182.5904 ||:  16%|#5        | 106/668 [1:12:12<27:14,  2.91s/it]
ner_precision: 0.0101, ner_recall: 0.2390, ner_f1: 0.0194, rel_precision: 0.0000, rel_recall: 0.0090, rel_f1: 0.0001, real_ner_precision: 0.0072, real_ner_recall: 0.1703, real_ner_f1: 0.0139, loss: 1172.0681 ||:  16%|#6        | 107/668 [1:12:14<25:55,  2.77s/it]
ner_precision: 0.0101, ner_recall: 0.2384, ner_f1: 0.0194, rel_precision: 0.0000, rel_recall: 0.0090, rel_f1: 0.0001, real_ner_precision: 0.0072, real_ner_recall: 0.1698, real_ner_f1: 0.0139, loss: 1161.5012 ||:  16%|#6        | 108/668 [1:12:17<25:13,  2.70s/it]
ner_precision: 0.0101, ner_recall: 0.2354, ner_f1: 0.0194, rel_precision: 0.0000, rel_recall: 0.0090, rel_f1: 0.0001, real_ner_precision: 0.0072, real_ner_recall: 0.1676, real_ner_f1: 0.0139, loss: 1151.7285 ||:  16%|#6        | 109/668 [1:12:20<26:47,  2.88s/it]
ner_precision: 0.0101, ner_recall: 0.2334, ner_f1: 0.0194, rel_precision: 0.0000, rel_recall: 0.0090, rel_f1: 0.0001, real_ner_precision: 0.0072, real_ner_recall: 0.1662, real_ner_f1: 0.0138, loss: 1141.8139 ||:  16%|#6        | 110/668 [1:12:23<27:02,  2.91s/it]
ner_precision: 0.0101, ner_recall: 0.2306, ner_f1: 0.0194, rel_precision: 0.0000, rel_recall: 0.0090, rel_f1: 0.0001, real_ner_precision: 0.0072, real_ner_recall: 0.1641, real_ner_f1: 0.0138, loss: 1132.0914 ||:  17%|#6        | 111/668 [1:12:26<26:26,  2.85s/it]
ner_precision: 0.0101, ner_recall: 0.2265, ner_f1: 0.0194, rel_precision: 0.0000, rel_recall: 0.0088, rel_f1: 0.0001, real_ner_precision: 0.0072, real_ner_recall: 0.1613, real_ner_f1: 0.0138, loss: 1122.8043 ||:  17%|#6        | 112/668 [1:12:28<25:26,  2.75s/it]
ner_precision: 0.0101, ner_recall: 0.2259, ner_f1: 0.0194, rel_precision: 0.0000, rel_recall: 0.0088, rel_f1: 0.0001, real_ner_precision: 0.0072, real_ner_recall: 0.1609, real_ner_f1: 0.0138, loss: 1113.0072 ||:  17%|#6        | 113/668 [1:12:31<24:21,  2.63s/it]
ner_precision: 0.0101, ner_recall: 0.2250, ner_f1: 0.0194, rel_precision: 0.0000, rel_recall: 0.0087, rel_f1: 0.0001, real_ner_precision: 0.0072, real_ner_recall: 0.1604, real_ner_f1: 0.0138, loss: 1103.5973 ||:  17%|#7        | 114/668 [1:12:33<24:24,  2.64s/it]
ner_precision: 0.0101, ner_recall: 0.2230, ner_f1: 0.0194, rel_precision: 0.0000, rel_recall: 0.0085, rel_f1: 0.0001, real_ner_precision: 0.0072, real_ner_recall: 0.1591, real_ner_f1: 0.0138, loss: 1094.5276 ||:  17%|#7        | 115/668 [1:12:36<24:58,  2.71s/it]
ner_precision: 0.0101, ner_recall: 0.2227, ner_f1: 0.0194, rel_precision: 0.0000, rel_recall: 0.0085, rel_f1: 0.0001, real_ner_precision: 0.0072, real_ner_recall: 0.1587, real_ner_f1: 0.0138, loss: 1085.3372 ||:  17%|#7        | 116/668 [1:12:39<26:15,  2.85s/it]
ner_precision: 0.0101, ner_recall: 0.2206, ner_f1: 0.0194, rel_precision: 0.0000, rel_recall: 0.0085, rel_f1: 0.0001, real_ner_precision: 0.0072, real_ner_recall: 0.1572, real_ner_f1: 0.0138, loss: 1076.3949 ||:  18%|#7        | 117/668 [1:12:42<25:50,  2.81s/it]
ner_precision: 0.0101, ner_recall: 0.2169, ner_f1: 0.0193, rel_precision: 0.0000, rel_recall: 0.0082, rel_f1: 0.0001, real_ner_precision: 0.0072, real_ner_recall: 0.1545, real_ner_f1: 0.0138, loss: 1067.9471 ||:  18%|#7        | 118/668 [1:12:45<25:43,  2.81s/it]
ner_precision: 0.0101, ner_recall: 0.2161, ner_f1: 0.0193, rel_precision: 0.0000, rel_recall: 0.0082, rel_f1: 0.0001, real_ner_precision: 0.0072, real_ner_recall: 0.1538, real_ner_f1: 0.0138, loss: 1059.3355 ||:  18%|#7        | 119/668 [1:12:48<26:59,  2.95s/it]
ner_precision: 0.0101, ner_recall: 0.2150, ner_f1: 0.0193, rel_precision: 0.0000, rel_recall: 0.0082, rel_f1: 0.0001, real_ner_precision: 0.0072, real_ner_recall: 0.1528, real_ner_f1: 0.0138, loss: 1050.8785 ||:  18%|#7        | 120/668 [1:12:52<29:55,  3.28s/it]
ner_precision: 0.0101, ner_recall: 0.2131, ner_f1: 0.0193, rel_precision: 0.0000, rel_recall: 0.0082, rel_f1: 0.0001, real_ner_precision: 0.0072, real_ner_recall: 0.1514, real_ner_f1: 0.0138, loss: 1042.5725 ||:  18%|#8        | 121/668 [1:12:55<27:25,  3.01s/it]
ner_precision: 0.0101, ner_recall: 0.2107, ner_f1: 0.0193, rel_precision: 0.0000, rel_recall: 0.0080, rel_f1: 0.0001, real_ner_precision: 0.0072, real_ner_recall: 0.1499, real_ner_f1: 0.0138, loss: 1034.4863 ||:  18%|#8        | 122/668 [1:12:57<25:54,  2.85s/it]
ner_precision: 0.0101, ner_recall: 0.2102, ner_f1: 0.0193, rel_precision: 0.0000, rel_recall: 0.0080, rel_f1: 0.0001, real_ner_precision: 0.0072, real_ner_recall: 0.1493, real_ner_f1: 0.0138, loss: 1026.2828 ||:  18%|#8        | 123/668 [1:12:59<24:40,  2.72s/it]
ner_precision: 0.0101, ner_recall: 0.2081, ner_f1: 0.0193, rel_precision: 0.0000, rel_recall: 0.0078, rel_f1: 0.0001, real_ner_precision: 0.0072, real_ner_recall: 0.1480, real_ner_f1: 0.0138, loss: 1018.4630 ||:  19%|#8        | 124/668 [1:13:02<24:37,  2.72s/it]
ner_precision: 0.0101, ner_recall: 0.2063, ner_f1: 0.0193, rel_precision: 0.0000, rel_recall: 0.0077, rel_f1: 0.0001, real_ner_precision: 0.0072, real_ner_recall: 0.1466, real_ner_f1: 0.0138, loss: 1010.7514 ||:  19%|#8        | 125/668 [1:13:05<24:00,  2.65s/it]
ner_precision: 0.0101, ner_recall: 0.2056, ner_f1: 0.0193, rel_precision: 0.0000, rel_recall: 0.0077, rel_f1: 0.0001, real_ner_precision: 0.0072, real_ner_recall: 0.1461, real_ner_f1: 0.0138, loss: 1002.9314 ||:  19%|#8        | 126/668 [1:13:08<24:22,  2.70s/it]
ner_precision: 0.0101, ner_recall: 0.2019, ner_f1: 0.0193, rel_precision: 0.0000, rel_recall: 0.0075, rel_f1: 0.0001, real_ner_precision: 0.0072, real_ner_recall: 0.1434, real_ner_f1: 0.0137, loss: 995.7933 ||:  19%|#9        | 127/668 [1:13:11<25:28,  2.83s/it] 
ner_precision: 0.0101, ner_recall: 0.1998, ner_f1: 0.0193, rel_precision: 0.0000, rel_recall: 0.0074, rel_f1: 0.0001, real_ner_precision: 0.0072, real_ner_recall: 0.1418, real_ner_f1: 0.0137, loss: 988.5523 ||:  19%|#9        | 128/668 [1:13:14<25:43,  2.86s/it]
ner_precision: 0.0101, ner_recall: 0.1986, ner_f1: 0.0193, rel_precision: 0.0000, rel_recall: 0.0074, rel_f1: 0.0001, real_ner_precision: 0.0072, real_ner_recall: 0.1409, real_ner_f1: 0.0137, loss: 981.2144 ||:  19%|#9        | 129/668 [1:13:17<26:48,  2.98s/it]
ner_precision: 0.0101, ner_recall: 0.1972, ner_f1: 0.0193, rel_precision: 0.0000, rel_recall: 0.0074, rel_f1: 0.0001, real_ner_precision: 0.0072, real_ner_recall: 0.1399, real_ner_f1: 0.0137, loss: 974.0818 ||:  19%|#9        | 130/668 [1:13:21<29:26,  3.28s/it]
ner_precision: 0.0101, ner_recall: 0.1947, ner_f1: 0.0192, rel_precision: 0.0000, rel_recall: 0.0072, rel_f1: 0.0001, real_ner_precision: 0.0072, real_ner_recall: 0.1383, real_ner_f1: 0.0137, loss: 967.1411 ||:  20%|#9        | 131/668 [1:13:24<29:12,  3.26s/it]
ner_precision: 0.0101, ner_recall: 0.1936, ner_f1: 0.0192, rel_precision: 0.0000, rel_recall: 0.0072, rel_f1: 0.0001, real_ner_precision: 0.0072, real_ner_recall: 0.1374, real_ner_f1: 0.0137, loss: 960.1103 ||:  20%|#9        | 132/668 [1:13:27<29:07,  3.26s/it]
ner_precision: 0.0101, ner_recall: 0.1916, ner_f1: 0.0192, rel_precision: 0.0000, rel_recall: 0.0071, rel_f1: 0.0001, real_ner_precision: 0.0072, real_ner_recall: 0.1358, real_ner_f1: 0.0137, loss: 953.4071 ||:  20%|#9        | 133/668 [1:13:32<33:50,  3.79s/it]
ner_precision: 0.0101, ner_recall: 0.1910, ner_f1: 0.0192, rel_precision: 0.0000, rel_recall: 0.0071, rel_f1: 0.0001, real_ner_precision: 0.0072, real_ner_recall: 0.1355, real_ner_f1: 0.0137, loss: 946.5922 ||:  20%|##        | 134/668 [1:13:38<38:33,  4.33s/it]
ner_precision: 0.0101, ner_recall: 0.1901, ner_f1: 0.0192, rel_precision: 0.0000, rel_recall: 0.0071, rel_f1: 0.0001, real_ner_precision: 0.0072, real_ner_recall: 0.1347, real_ner_f1: 0.0137, loss: 939.8481 ||:  20%|##        | 135/668 [1:13:41<35:27,  3.99s/it]
ner_precision: 0.0101, ner_recall: 0.1897, ner_f1: 0.0192, rel_precision: 0.0000, rel_recall: 0.0071, rel_f1: 0.0001, real_ner_precision: 0.0072, real_ner_recall: 0.1344, real_ner_f1: 0.0137, loss: 933.0713 ||:  20%|##        | 136/668 [1:13:44<33:29,  3.78s/it]
ner_precision: 0.0101, ner_recall: 0.1888, ner_f1: 0.0192, rel_precision: 0.0000, rel_recall: 0.0071, rel_f1: 0.0001, real_ner_precision: 0.0072, real_ner_recall: 0.1338, real_ner_f1: 0.0137, loss: 926.4944 ||:  21%|##        | 137/668 [1:13:49<34:58,  3.95s/it]
ner_precision: 0.0101, ner_recall: 0.1869, ner_f1: 0.0192, rel_precision: 0.0000, rel_recall: 0.0071, rel_f1: 0.0001, real_ner_precision: 0.0072, real_ner_recall: 0.1324, real_ner_f1: 0.0137, loss: 920.2571 ||:  21%|##        | 138/668 [1:13:53<34:50,  3.94s/it]
ner_precision: 0.0101, ner_recall: 0.1863, ner_f1: 0.0192, rel_precision: 0.0000, rel_recall: 0.0071, rel_f1: 0.0001, real_ner_precision: 0.0072, real_ner_recall: 0.1320, real_ner_f1: 0.0137, loss: 913.8042 ||:  21%|##        | 139/668 [1:13:56<33:58,  3.85s/it]
ner_precision: 0.0101, ner_recall: 0.1863, ner_f1: 0.0192, rel_precision: 0.0000, rel_recall: 0.0071, rel_f1: 0.0001, real_ner_precision: 0.0072, real_ner_recall: 0.1320, real_ner_f1: 0.0137, loss: 913.8042 ||:  21%|##        | 139/668 [1:13:59<4:41:35, 31.94s/it]

Traceback (most recent call last):
  File "/Applications/anaconda3/envs/python37/bin/allennlp", line 8, in <module>
    sys.exit(run())
  File "/Applications/anaconda3/envs/python37/lib/python3.7/site-packages/allennlp/run.py", line 18, in run
    main(prog="allennlp")
  File "/Applications/anaconda3/envs/python37/lib/python3.7/site-packages/allennlp/commands/__init__.py", line 102, in main
    args.func(args)
  File "/Applications/anaconda3/envs/python37/lib/python3.7/site-packages/allennlp/commands/train.py", line 124, in train_model_from_args
    args.cache_prefix)
  File "/Applications/anaconda3/envs/python37/lib/python3.7/site-packages/allennlp/commands/train.py", line 168, in train_model_from_file
    cache_directory, cache_prefix)
  File "/Applications/anaconda3/envs/python37/lib/python3.7/site-packages/allennlp/commands/train.py", line 252, in train_model
    metrics = trainer.train()
  File "/Applications/anaconda3/envs/python37/lib/python3.7/site-packages/allennlp/training/trainer.py", line 478, in train
    train_metrics = self._train_epoch(epoch)
  File "/Applications/anaconda3/envs/python37/lib/python3.7/site-packages/allennlp/training/trainer.py", line 325, in _train_epoch
    loss.backward()
  File "/Applications/anaconda3/envs/python37/lib/python3.7/site-packages/torch/tensor.py", line 198, in backward
    torch.autograd.backward(self, gradient, retain_graph, create_graph)
  File "/Applications/anaconda3/envs/python37/lib/python3.7/site-packages/torch/autograd/__init__.py", line 100, in backward
    allow_unreachable=True)  # allow_unreachable flag
KeyboardInterrupt
